<?xml version="1.0" encoding="UTF-8"?>
<!-- Generated by org.testng.reporters.JUnitReportReporter -->
<testsuite skipped="0" hostname="DESKTOP-9UJ8T6D" name="com.qa.facebook.tests.HomePageTest" tests="1" failures="0" timestamp="2022-08-09T10:04:32 IST" time="23.539" errors="0">
  <testcase name="VerifyHomePageTitleTest" time="23.539" classname="com.qa.facebook.tests.HomePageTest"/>
  <system-out/>
</testsuite> <!-- com.qa.facebook.tests.HomePageTest -->
