<?xml version="1.0" encoding="UTF-8"?>
<!-- Generated by org.testng.reporters.JUnitReportReporter -->
<testsuite skipped="0" hostname="DESKTOP-9UJ8T6D" name="com.qa.facebook.tests.LoginPageUsingDataDriven" tests="3" failures="0" timestamp="2022-08-23T10:09:10 IST" time="35.244" errors="0">
  <testcase name="createContactTest" time="10.545" classname="com.qa.facebook.tests.LoginPageUsingDataDriven"/>
  <system-out/>
  <testcase name="createContactTest" time="10.527" classname="com.qa.facebook.tests.LoginPageUsingDataDriven"/>
  <system-out/>
  <testcase name="createContactTest" time="14.172" classname="com.qa.facebook.tests.LoginPageUsingDataDriven"/>
  <system-out/>
</testsuite> <!-- com.qa.facebook.tests.LoginPageUsingDataDriven -->
