<?xml version="1.0" encoding="UTF-8"?>
<!-- Generated by org.testng.reporters.JUnitReportReporter -->
<testsuite skipped="0" hostname="DESKTOP-9UJ8T6D" name="com.qa.facebook.tests.LoginPageTest" tests="2" failures="0" timestamp="2022-08-24T09:51:47 IST" time="28.886" errors="0">
  <testcase name="verifyLoginPageTitle" time="17.695" classname="com.qa.facebook.tests.LoginPageTest"/>
  <system-out/>
  <testcase name="loginTestWithCorrectCredentials" time="11.191" classname="com.qa.facebook.tests.LoginPageTest"/>
  <system-out/>
</testsuite> <!-- com.qa.facebook.tests.LoginPageTest -->
